<?xml version="1.0" encoding="UTF-8"?>
<coverage generated="1781486988889" clover="3.2.0">
  <project timestamp="1781486988889" name="All files">
    <metrics statements="12" coveredstatements="9" conditionals="8" coveredconditionals="6" methods="3" coveredmethods="2" elements="23" coveredelements="17" complexity="0" loc="12" ncloc="12" packages="1" files="1" classes="1"/>
    <file name="server.js" path="/home/gamal/code/cicd-pipeline-project/server.js">
      <metrics statements="12" coveredstatements="9" conditionals="8" coveredconditionals="6" methods="3" coveredmethods="2"/>
      <line num="1" count="1" type="stmt"/>
      <line num="2" count="1" type="stmt"/>
      <line num="3" count="1" type="cond" truecount="2" falsecount="0"/>
      <line num="5" count="1" type="stmt"/>
      <line num="6" count="1" type="stmt"/>
      <line num="13" count="1" type="stmt"/>
      <line num="14" count="1" type="stmt"/>
      <line num="18" count="1" type="cond" truecount="1" falsecount="1"/>
      <line num="19" count="0" type="stmt"/>
      <line num="20" count="0" type="stmt"/>
      <line num="22" count="0" type="stmt"/>
      <line num="24" count="1" type="stmt"/>
    </file>
  </project>
</coverage>
