{"/home/gamal/code/cicd-pipeline-project/server.js": {"path":"/home/gamal/code/cicd-pipeline-project/server.js","statementMap":{"0":{"start":{"line":1,"column":16},"end":{"line":1,"column":34}},"1":{"start":{"line":2,"column":12},"end":{"line":2,"column":21}},"2":{"start":{"line":3,"column":13},"end":{"line":3,"column":37}},"3":{"start":{"line":5,"column":0},"end":{"line":11,"column":3}},"4":{"start":{"line":6,"column":2},"end":{"line":10,"column":5}},"5":{"start":{"line":13,"column":0},"end":{"line":15,"column":3}},"6":{"start":{"line":14,"column":2},"end":{"line":14,"column":71}},"7":{"start":{"line":18,"column":0},"end":{"line":25,"column":1}},"8":{"start":{"line":19,"column":2},"end":{"line":21,"column":5}},"9":{"start":{"line":20,"column":4},"end":{"line":20,"column":50}},"10":{"start":{"line":22,"column":2},"end":{"line":22,"column":26}},"11":{"start":{"line":24,"column":2},"end":{"line":24,"column":23}}},"fnMap":{"0":{"name":"(anonymous_0)","decl":{"start":{"line":5,"column":13},"end":{"line":5,"column":14}},"loc":{"start":{"line":5,"column":27},"end":{"line":11,"column":1}},"line":5},"1":{"name":"(anonymous_1)","decl":{"start":{"line":13,"column":19},"end":{"line":13,"column":20}},"loc":{"start":{"line":13,"column":33},"end":{"line":15,"column":1}},"line":13},"2":{"name":"(anonymous_2)","decl":{"start":{"line":19,"column":28},"end":{"line":19,"column":29}},"loc":{"start":{"line":19,"column":34},"end":{"line":21,"column":3}},"line":19}},"branchMap":{"0":{"loc":{"start":{"line":3,"column":13},"end":{"line":3,"column":37}},"type":"binary-expr","locations":[{"start":{"line":3,"column":13},"end":{"line":3,"column":29}},{"start":{"line":3,"column":33},"end":{"line":3,"column":37}}],"line":3},"1":{"loc":{"start":{"line":8,"column":13},"end":{"line":8,"column":47}},"type":"binary-expr","locations":[{"start":{"line":8,"column":13},"end":{"line":8,"column":36}},{"start":{"line":8,"column":40},"end":{"line":8,"column":47}}],"line":8},"2":{"loc":{"start":{"line":9,"column":17},"end":{"line":9,"column":54}},"type":"binary-expr","locations":[{"start":{"line":9,"column":17},"end":{"line":9,"column":37}},{"start":{"line":9,"column":41},"end":{"line":9,"column":54}}],"line":9},"3":{"loc":{"start":{"line":18,"column":0},"end":{"line":25,"column":1}},"type":"if","locations":[{"start":{"line":18,"column":0},"end":{"line":25,"column":1}},{"start":{"line":23,"column":7},"end":{"line":25,"column":1}}],"line":18}},"s":{"0":1,"1":1,"2":1,"3":1,"4":1,"5":1,"6":1,"7":1,"8":0,"9":0,"10":0,"11":1},"f":{"0":1,"1":1,"2":0},"b":{"0":[1,1],"1":[1,1],"2":[1,0],"3":[0,1]},"_coverageSchema":"1a1c01bbd47fc00a2c39e90264f33305004495a9","hash":"8a41f04f71d796290b948c9f1b8d1860e11fd515"}
}
